<?xml version="1.0" encoding="UTF-8"?>
<testsuite name="branch1tests.PrinterTestBranch1" tests="2" skipped="0" failures="0" errors="0" timestamp="2018-01-12T19:02:58" hostname="DESKTOP-BPQVPMR" time="0.001">
  <properties/>
  <testcase name="chickyTest" classname="branch1tests.PrinterTestBranch1" time="0.001"/>
  <testcase name="failedTest" classname="branch1tests.PrinterTestBranch1" time="0.0"/>
  <system-out><![CDATA[]]></system-out>
  <system-err><![CDATA[]]></system-err>
</testsuite>
